Arguments: 
  C:\Program Files\nodejs\node.exe C:\Users\Administrator\AppData\Roaming\npm\node_modules\yarn\bin\yarn.js publish

PATH: 
  D:\Xshell\;C:\Program Files (x86)\Common Files\Oracle\Java\javapath;C:\windows\system32;C:\windows;C:\windows\System32\Wbem;D:\Git\cmd;D:\mongodb\bin;C:\Program Files\nodejs\;D:\VScode\Microsoft VS Code\bin;D:\Git\usr\bin\ssh-keygen.exe;C:\Program Files\MongoDB\Server\3.6\bin;D:\flutter\bin;D:\Androd\gradle\gradle-4.6\bin;$PATH:$ANDROID_HOME/platform-tools;D:\flutter\flutter\bin;C:\Users\Administrator\AppData\Roaming\npm

Yarn version: 
  1.17.3

Node version: 
  10.16.0

Platform: 
  win32 x64

Trace: 
  Error: https://registry.npm.taobao.org/-/user/org.couchdb.user:zenyk: [conflict] User zenyk already exists
      at Request.params.callback [as _callback] (C:\Users\Administrator\AppData\Roaming\npm\node_modules\yarn\lib\cli.js:66830:18)
      at Request.self.callback (C:\Users\Administrator\AppData\Roaming\npm\node_modules\yarn\lib\cli.js:140464:22)
      at Request.emit (events.js:198:13)
      at Request.<anonymous> (C:\Users\Administrator\AppData\Roaming\npm\node_modules\yarn\lib\cli.js:141436:10)
      at Request.emit (events.js:198:13)
      at IncomingMessage.<anonymous> (C:\Users\Administrator\AppData\Roaming\npm\node_modules\yarn\lib\cli.js:141358:12)
      at Object.onceWrapper (events.js:286:20)
      at IncomingMessage.emit (events.js:203:15)
      at endReadableNT (_stream_readable.js:1129:12)
      at process._tickCallback (internal/process/next_tick.js:63:19)

npm manifest: 
  {
      "name": "react-box-selection",
      "version": "1.0.11",
      "main": "dist/index.js",
      "author": "Zenyk",
      "license": "MIT",
      "description": "React component for making box selections on elements",
      "keywords": [
          "react",
          "mouse",
          "box",
          "select",
          "selection",
          "component"
      ],
      "scripts": {
          "build": "webpack --progress",
          "watch": "webpack --watch --progress"
      },
      "repository": {
          "type": "git",
          "url": "https://github.com/wangquanfugui12138/react-box-selection"
      },
      "bugs": {
          "url": "https://github.com/wangquanfugui12138/react-box-selection/issues"
      },
      "dependencies": {
          "prop-types": "15.6.0",
          "react": "16.2.0"
      },
      "devDependencies": {
          "@babel/core": "7.2.2",
          "@babel/plugin-proposal-class-properties": "^7.4.4",
          "@babel/preset-env": "7.2.3",
          "@babel/preset-react": "7.0.0",
          "babel-loader": "8.0.5",
          "clean-webpack-plugin": "^0.1.19",
          "css-loader": "^0.28.11",
          "style-loader": "^0.20.3",
          "webpack": "^4.2.0",
          "webpack-cli": "^3.1.1"
      },
      "prepublishOnly": "npm run build"
  }

yarn manifest: 
  No manifest

Lockfile: 
  No lockfile
